<?xml version="1.0" encoding="UTF-8"?>
<!-- Generated by org.testng.reporters.JUnitReportReporter -->
<testsuite skipped="0" hostname="LT136" name="HRM.AddUser" tests="1" failures="0" timestamp="2020-03-01T01:21:17 IST" time="9.875" errors="0">
  <testcase name="creatnewuser" time="9.875" classname="HRM.AddUser"/>
</testsuite> <!-- HRM.AddUser -->
