<?xml version="1.0" encoding="UTF-8"?>
<!-- Generated by org.testng.reporters.JUnitReportReporter -->
<testsuite skipped="0" hostname="LT136" name="HRM.SearchUser" tests="3" failures="0" timestamp="2020-03-01T01:21:17 IST" time="21.269" errors="0">
  <testcase name="SearchUsername" time="10.277" classname="HRM.SearchUser"/>
  <testcase name="SearchUsername" time="5.163" classname="HRM.SearchUser"/>
  <testcase name="SearchUsername" time="5.829" classname="HRM.SearchUser"/>
</testsuite> <!-- HRM.SearchUser -->
