<?xml version="1.0" encoding="UTF-8"?>
<!-- Generated by org.testng.reporters.JUnitReportReporter -->
<testsuite skipped="0" hostname="LT136" name="HRM.LoginLogout" tests="2" failures="0" timestamp="2020-03-01T01:21:17 IST" time="7.532" errors="0">
  <testcase name="Login" time="2.800" classname="HRM.LoginLogout"/>
  <testcase name="Login" time="4.732" classname="HRM.LoginLogout"/>
</testsuite> <!-- HRM.LoginLogout -->
