<?xml version="1.0" encoding="UTF-8"?>
<!-- Generated by org.testng.reporters.JUnitReportReporter -->
<testsuite hostname="LT136" name="HRM.SearchUser" tests="3" failures="0" timestamp="5 Mar 2020 14:33:53 GMT" time="19.104" errors="0">
  <testcase name="SearchUsername" time="8.800" classname="HRM.SearchUser"/>
  <testcase name="SearchUsername" time="5.619" classname="HRM.SearchUser"/>
  <testcase name="SearchUsername" time="4.685" classname="HRM.SearchUser"/>
</testsuite> <!-- HRM.SearchUser -->
