<?xml version="1.0" encoding="UTF-8"?>
<!-- Generated by org.testng.reporters.JUnitReportReporter -->
<testsuite hostname="LT136" name="HRM.LoginLogout" tests="2" failures="0" timestamp="5 Mar 2020 14:33:53 GMT" time="6.910" errors="0">
  <testcase name="Login" time="4.479" classname="HRM.LoginLogout"/>
  <testcase name="Login" time="2.431" classname="HRM.LoginLogout"/>
</testsuite> <!-- HRM.LoginLogout -->
