<?xml version="1.0" encoding="UTF-8"?>
<!-- Generated by org.testng.reporters.JUnitReportReporter -->
<testsuite hostname="LT136" name="HRM.AddUser" tests="1" failures="0" timestamp="5 Mar 2020 14:33:53 GMT" time="7.193" errors="0">
  <testcase name="creatnewuser" time="7.193" classname="HRM.AddUser"/>
</testsuite> <!-- HRM.AddUser -->
